c:\github\fluidsimtestbed\project1\x64\debug\vc140.pdb
c:\github\fluidsimtestbed\project1\x64\debug\vc140.idb
c:\github\fluidsimtestbed\project1\x64\debug\applicationmanager.obj
c:\github\fluidsimtestbed\project1\x64\debug\entrypoint.obj
c:\github\fluidsimtestbed\project1\x64\debug\inputmanager.obj
c:\github\fluidsimtestbed\project1\x64\debug\windowmanager.obj
c:\github\fluidsimtestbed\project1\x64\debug\applicationmanager.nativecodeanalysis.xml
c:\github\fluidsimtestbed\project1\x64\debug\entrypoint.nativecodeanalysis.xml
c:\github\fluidsimtestbed\project1\x64\debug\inputmanager.nativecodeanalysis.xml
c:\github\fluidsimtestbed\project1\x64\debug\windowmanager.nativecodeanalysis.xml
c:\github\fluidsimtestbed\x64\debug\project1.pdb
c:\github\fluidsimtestbed\project1\x64\debug\project1.tlog\cl.command.1.tlog
c:\github\fluidsimtestbed\project1\x64\debug\project1.tlog\cl.read.1.tlog
c:\github\fluidsimtestbed\project1\x64\debug\project1.tlog\cl.write.1.tlog
c:\github\fluidsimtestbed\project1\x64\debug\project1.tlog\link-cvtres.read.1.tlog
c:\github\fluidsimtestbed\project1\x64\debug\project1.tlog\link-cvtres.write.1.tlog
c:\github\fluidsimtestbed\project1\x64\debug\project1.tlog\link-rc.read.1.tlog
c:\github\fluidsimtestbed\project1\x64\debug\project1.tlog\link-rc.write.1.tlog
c:\github\fluidsimtestbed\project1\x64\debug\project1.tlog\link.command.1.tlog
c:\github\fluidsimtestbed\project1\x64\debug\project1.tlog\link.read.1.tlog
c:\github\fluidsimtestbed\project1\x64\debug\project1.tlog\link.write.1.tlog
